<?xml version="1.0" encoding="UTF-8"?>
<testsuite xmlns:xsi="http://www.w3.org/2001/XMLSchema-instance" xsi:noNamespaceSchemaLocation="https://maven.apache.org/surefire/maven-surefire-plugin/xsd/surefire-test-report.xsd" name="TestSuite" time="57.459" tests="16" errors="0" skipped="0" failures="0">
  <properties>
    <property name="sun.desktop" value="windows"/>
    <property name="awt.toolkit" value="sun.awt.windows.WToolkit"/>
    <property name="file.encoding.pkg" value="sun.io"/>
    <property name="java.specification.version" value="1.8"/>
    <property name="sun.cpu.isalist" value="amd64"/>
    <property name="sun.jnu.encoding" value="Cp1252"/>
    <property name="java.class.path" value="C:\Users\sivasubramaniamc\workspace\SfbayProject\target\test-classes;C:\Users\sivasubramaniamc\workspace\SfbayProject\target\classes;C:\Users\sivasubramaniamc\.m2\repository\io\rest-assured\json-path\3.0.0\json-path-3.0.0.jar;C:\Users\sivasubramaniamc\.m2\repository\org\codehaus\groovy\groovy-json\2.4.6\groovy-json-2.4.6.jar;C:\Users\sivasubramaniamc\.m2\repository\org\codehaus\groovy\groovy\2.4.6\groovy-2.4.6.jar;C:\Users\sivasubramaniamc\.m2\repository\io\rest-assured\rest-assured-common\3.0.0\rest-assured-common-3.0.0.jar;C:\Users\sivasubramaniamc\.m2\repository\io\rest-assured\rest-assured\3.0.0\rest-assured-3.0.0.jar;C:\Users\sivasubramaniamc\.m2\repository\org\codehaus\groovy\groovy-xml\2.4.6\groovy-xml-2.4.6.jar;C:\Users\sivasubramaniamc\.m2\repository\org\apache\httpcomponents\httpclient\4.5.2\httpclient-4.5.2.jar;C:\Users\sivasubramaniamc\.m2\repository\org\apache\httpcomponents\httpmime\4.5.1\httpmime-4.5.1.jar;C:\Users\sivasubramaniamc\.m2\repository\org\hamcrest\hamcrest-library\1.3\hamcrest-library-1.3.jar;C:\Users\sivasubramaniamc\.m2\repository\org\ccil\cowan\tagsoup\tagsoup\1.2.1\tagsoup-1.2.1.jar;C:\Users\sivasubramaniamc\.m2\repository\io\rest-assured\json-schema-validator\3.0.0\json-schema-validator-3.0.0.jar;C:\Users\sivasubramaniamc\.m2\repository\com\github\fge\json-schema-validator\2.2.6\json-schema-validator-2.2.6.jar;C:\Users\sivasubramaniamc\.m2\repository\com\google\code\findbugs\jsr305\3.0.0\jsr305-3.0.0.jar;C:\Users\sivasubramaniamc\.m2\repository\joda-time\joda-time\2.3\joda-time-2.3.jar;C:\Users\sivasubramaniamc\.m2\repository\com\googlecode\libphonenumber\libphonenumber\6.2\libphonenumber-6.2.jar;C:\Users\sivasubramaniamc\.m2\repository\com\github\fge\json-schema-core\1.2.5\json-schema-core-1.2.5.jar;C:\Users\sivasubramaniamc\.m2\repository\com\github\fge\uri-template\0.9\uri-template-0.9.jar;C:\Users\sivasubramaniamc\.m2\repository\com\github\fge\msg-simple\1.1\msg-simple-1.1.jar;C:\Users\sivasubramaniamc\.m2\repository\com\github\fge\btf\1.2\btf-1.2.jar;C:\Users\sivasubramaniamc\.m2\repository\com\github\fge\jackson-coreutils\1.8\jackson-coreutils-1.8.jar;C:\Users\sivasubramaniamc\.m2\repository\com\fasterxml\jackson\core\jackson-databind\2.2.3\jackson-databind-2.2.3.jar;C:\Users\sivasubramaniamc\.m2\repository\com\fasterxml\jackson\core\jackson-annotations\2.2.3\jackson-annotations-2.2.3.jar;C:\Users\sivasubramaniamc\.m2\repository\com\fasterxml\jackson\core\jackson-core\2.2.3\jackson-core-2.2.3.jar;C:\Users\sivasubramaniamc\.m2\repository\org\mozilla\rhino\1.7R4\rhino-1.7R4.jar;C:\Users\sivasubramaniamc\.m2\repository\javax\mail\mailapi\1.4.3\mailapi-1.4.3.jar;C:\Users\sivasubramaniamc\.m2\repository\javax\activation\activation\1.1\activation-1.1.jar;C:\Users\sivasubramaniamc\.m2\repository\net\sf\jopt-simple\jopt-simple\4.6\jopt-simple-4.6.jar;C:\Users\sivasubramaniamc\.m2\repository\io\rest-assured\xml-path\3.0.0\xml-path-3.0.0.jar;C:\Users\sivasubramaniamc\.m2\repository\org\testng\testng\6.11\testng-6.11.jar;C:\Users\sivasubramaniamc\.m2\repository\com\beust\jcommander\1.64\jcommander-1.64.jar;C:\Users\sivasubramaniamc\.m2\repository\org\yaml\snakeyaml\1.17\snakeyaml-1.17.jar;C:\Users\sivasubramaniamc\.m2\repository\org\seleniumhq\selenium\selenium-java\3.5.3\selenium-java-3.5.3.jar;C:\Users\sivasubramaniamc\.m2\repository\org\seleniumhq\selenium\selenium-api\3.5.3\selenium-api-3.5.3.jar;C:\Users\sivasubramaniamc\.m2\repository\org\seleniumhq\selenium\selenium-chrome-driver\3.5.3\selenium-chrome-driver-3.5.3.jar;C:\Users\sivasubramaniamc\.m2\repository\org\seleniumhq\selenium\selenium-edge-driver\3.5.3\selenium-edge-driver-3.5.3.jar;C:\Users\sivasubramaniamc\.m2\repository\org\seleniumhq\selenium\selenium-firefox-driver\3.5.3\selenium-firefox-driver-3.5.3.jar;C:\Users\sivasubramaniamc\.m2\repository\org\seleniumhq\selenium\selenium-ie-driver\3.5.3\selenium-ie-driver-3.5.3.jar;C:\Users\sivasubramaniamc\.m2\repository\org\seleniumhq\selenium\selenium-opera-driver\3.5.3\selenium-opera-driver-3.5.3.jar;C:\Users\sivasubramaniamc\.m2\repository\org\seleniumhq\selenium\selenium-remote-driver\3.5.3\selenium-remote-driver-3.5.3.jar;C:\Users\sivasubramaniamc\.m2\repository\org\seleniumhq\selenium\selenium-safari-driver\3.5.3\selenium-safari-driver-3.5.3.jar;C:\Users\sivasubramaniamc\.m2\repository\org\seleniumhq\selenium\selenium-support\3.5.3\selenium-support-3.5.3.jar;C:\Users\sivasubramaniamc\.m2\repository\cglib\cglib-nodep\3.2.4\cglib-nodep-3.2.4.jar;C:\Users\sivasubramaniamc\.m2\repository\org\apache\commons\commons-exec\1.3\commons-exec-1.3.jar;C:\Users\sivasubramaniamc\.m2\repository\commons-codec\commons-codec\1.10\commons-codec-1.10.jar;C:\Users\sivasubramaniamc\.m2\repository\commons-io\commons-io\2.5\commons-io-2.5.jar;C:\Users\sivasubramaniamc\.m2\repository\commons-logging\commons-logging\1.2\commons-logging-1.2.jar;C:\Users\sivasubramaniamc\.m2\repository\org\w3c\css\sac\1.3\sac-1.3.jar;C:\Users\sivasubramaniamc\.m2\repository\net\sourceforge\cssparser\cssparser\0.9.23\cssparser-0.9.23.jar;C:\Users\sivasubramaniamc\.m2\repository\com\google\code\gson\gson\2.8.0\gson-2.8.0.jar;C:\Users\sivasubramaniamc\.m2\repository\com\google\guava\guava\23.0\guava-23.0.jar;C:\Users\sivasubramaniamc\.m2\repository\com\google\errorprone\error_prone_annotations\2.0.18\error_prone_annotations-2.0.18.jar;C:\Users\sivasubramaniamc\.m2\repository\com\google\j2objc\j2objc-annotations\1.1\j2objc-annotations-1.1.jar;C:\Users\sivasubramaniamc\.m2\repository\org\codehaus\mojo\animal-sniffer-annotations\1.14\animal-sniffer-annotations-1.14.jar;C:\Users\sivasubramaniamc\.m2\repository\net\sourceforge\htmlunit\htmlunit\2.27\htmlunit-2.27.jar;C:\Users\sivasubramaniamc\.m2\repository\net\sourceforge\htmlunit\htmlunit-core-js\2.27\htmlunit-core-js-2.27.jar;C:\Users\sivasubramaniamc\.m2\repository\net\sourceforge\htmlunit\neko-htmlunit\2.27\neko-htmlunit-2.27.jar;C:\Users\sivasubramaniamc\.m2\repository\org\apache\httpcomponents\httpcore\4.4.6\httpcore-4.4.6.jar;C:\Users\sivasubramaniamc\.m2\repository\org\eclipse\jetty\jetty-client\9.4.5.v20170502\jetty-client-9.4.5.v20170502.jar;C:\Users\sivasubramaniamc\.m2\repository\org\eclipse\jetty\jetty-http\9.4.5.v20170502\jetty-http-9.4.5.v20170502.jar;C:\Users\sivasubramaniamc\.m2\repository\org\eclipse\jetty\jetty-io\9.4.5.v20170502\jetty-io-9.4.5.v20170502.jar;C:\Users\sivasubramaniamc\.m2\repository\org\eclipse\jetty\jetty-util\9.4.5.v20170502\jetty-util-9.4.5.v20170502.jar;C:\Users\sivasubramaniamc\.m2\repository\net\java\dev\jna\jna\4.1.0\jna-4.1.0.jar;C:\Users\sivasubramaniamc\.m2\repository\net\java\dev\jna\jna-platform\4.1.0\jna-platform-4.1.0.jar;C:\Users\sivasubramaniamc\.m2\repository\junit\junit\4.12\junit-4.12.jar;C:\Users\sivasubramaniamc\.m2\repository\com\codeborne\phantomjsdriver\1.4.0\phantomjsdriver-1.4.0.jar;C:\Users\sivasubramaniamc\.m2\repository\org\seleniumhq\selenium\htmlunit-driver\2.27\htmlunit-driver-2.27.jar;C:\Users\sivasubramaniamc\.m2\repository\javax\servlet\javax.servlet-api\3.1.0\javax.servlet-api-3.1.0.jar;C:\Users\sivasubramaniamc\.m2\repository\org\eclipse\jetty\websocket\websocket-api\9.4.5.v20170502\websocket-api-9.4.5.v20170502.jar;C:\Users\sivasubramaniamc\.m2\repository\org\eclipse\jetty\websocket\websocket-client\9.4.5.v20170502\websocket-client-9.4.5.v20170502.jar;C:\Users\sivasubramaniamc\.m2\repository\org\eclipse\jetty\websocket\websocket-common\9.4.5.v20170502\websocket-common-9.4.5.v20170502.jar;C:\Users\sivasubramaniamc\.m2\repository\xalan\serializer\2.7.2\serializer-2.7.2.jar;C:\Users\sivasubramaniamc\.m2\repository\xalan\xalan\2.7.2\xalan-2.7.2.jar;C:\Users\sivasubramaniamc\.m2\repository\xerces\xercesImpl\2.11.0\xercesImpl-2.11.0.jar;C:\Users\sivasubramaniamc\.m2\repository\xml-apis\xml-apis\1.4.01\xml-apis-1.4.01.jar;C:\Users\sivasubramaniamc\.m2\repository\com\relevantcodes\extentreports\2.41.2\extentreports-2.41.2.jar;C:\Users\sivasubramaniamc\.m2\repository\org\xerial\sqlite-jdbc\3.8.11.1\sqlite-jdbc-3.8.11.1.jar;C:\Users\sivasubramaniamc\.m2\repository\org\freemarker\freemarker\2.3.23\freemarker-2.3.23.jar;C:\Users\sivasubramaniamc\.m2\repository\org\mongodb\mongodb-driver\3.0.4\mongodb-driver-3.0.4.jar;C:\Users\sivasubramaniamc\.m2\repository\org\mongodb\bson\3.0.4\bson-3.0.4.jar;C:\Users\sivasubramaniamc\.m2\repository\org\mongodb\mongodb-driver-core\3.0.4\mongodb-driver-core-3.0.4.jar;C:\Users\sivasubramaniamc\.m2\repository\log4j\log4j\1.2.17\log4j-1.2.17.jar;C:\Users\sivasubramaniamc\.m2\repository\org\hamcrest\hamcrest-core\1.3\hamcrest-core-1.3.jar;C:\Users\sivasubramaniamc\.m2\repository\com\googlecode\json-simple\json-simple\1.1.1\json-simple-1.1.1.jar;C:\Users\sivasubramaniamc\.m2\repository\org\jsoup\jsoup\1.8.3\jsoup-1.8.3.jar;C:\Users\sivasubramaniamc\.m2\repository\org\apache\commons\commons-lang3\3.7\commons-lang3-3.7.jar;C:\Users\sivasubramaniamc\.m2\repository\org\apache\maven\surefire\surefire-testng-utils\2.21.0\surefire-testng-utils-2.21.0.jar;C:\Users\sivasubramaniamc\.m2\repository\org\apache\maven\surefire\surefire-grouper\2.21.0\surefire-grouper-2.21.0.jar;"/>
    <property name="java.vm.vendor" value="Oracle Corporation"/>
    <property name="sun.arch.data.model" value="64"/>
    <property name="user.variant" value=""/>
    <property name="java.vendor.url" value="http://java.oracle.com/"/>
    <property name="user.timezone" value=""/>
    <property name="java.vm.specification.version" value="1.8"/>
    <property name="os.name" value="Windows 10"/>
    <property name="user.country" value="US"/>
    <property name="sun.java.launcher" value="SUN_STANDARD"/>
    <property name="sun.boot.library.path" value="C:\Program Files\Java\jdk1.8.0_131\jre\bin"/>
    <property name="sun.java.command" value="C:\Users\SIVASU~1\AppData\Local\Temp\surefire5641507973096376919\surefirebooter6088535203195355865.jar C:\Users\sivasubramaniamc\AppData\Local\Temp\surefire5641507973096376919 2018-07-05T18-23-05_709-jvmRun1 surefire8513959176821925110tmp surefire_03861063974567138609tmp"/>
    <property name="surefire.test.class.path" value="C:\Users\sivasubramaniamc\workspace\SfbayProject\target\test-classes;C:\Users\sivasubramaniamc\workspace\SfbayProject\target\classes;C:\Users\sivasubramaniamc\.m2\repository\io\rest-assured\json-path\3.0.0\json-path-3.0.0.jar;C:\Users\sivasubramaniamc\.m2\repository\org\codehaus\groovy\groovy-json\2.4.6\groovy-json-2.4.6.jar;C:\Users\sivasubramaniamc\.m2\repository\org\codehaus\groovy\groovy\2.4.6\groovy-2.4.6.jar;C:\Users\sivasubramaniamc\.m2\repository\io\rest-assured\rest-assured-common\3.0.0\rest-assured-common-3.0.0.jar;C:\Users\sivasubramaniamc\.m2\repository\io\rest-assured\rest-assured\3.0.0\rest-assured-3.0.0.jar;C:\Users\sivasubramaniamc\.m2\repository\org\codehaus\groovy\groovy-xml\2.4.6\groovy-xml-2.4.6.jar;C:\Users\sivasubramaniamc\.m2\repository\org\apache\httpcomponents\httpclient\4.5.2\httpclient-4.5.2.jar;C:\Users\sivasubramaniamc\.m2\repository\org\apache\httpcomponents\httpmime\4.5.1\httpmime-4.5.1.jar;C:\Users\sivasubramaniamc\.m2\repository\org\hamcrest\hamcrest-library\1.3\hamcrest-library-1.3.jar;C:\Users\sivasubramaniamc\.m2\repository\org\ccil\cowan\tagsoup\tagsoup\1.2.1\tagsoup-1.2.1.jar;C:\Users\sivasubramaniamc\.m2\repository\io\rest-assured\json-schema-validator\3.0.0\json-schema-validator-3.0.0.jar;C:\Users\sivasubramaniamc\.m2\repository\com\github\fge\json-schema-validator\2.2.6\json-schema-validator-2.2.6.jar;C:\Users\sivasubramaniamc\.m2\repository\com\google\code\findbugs\jsr305\3.0.0\jsr305-3.0.0.jar;C:\Users\sivasubramaniamc\.m2\repository\joda-time\joda-time\2.3\joda-time-2.3.jar;C:\Users\sivasubramaniamc\.m2\repository\com\googlecode\libphonenumber\libphonenumber\6.2\libphonenumber-6.2.jar;C:\Users\sivasubramaniamc\.m2\repository\com\github\fge\json-schema-core\1.2.5\json-schema-core-1.2.5.jar;C:\Users\sivasubramaniamc\.m2\repository\com\github\fge\uri-template\0.9\uri-template-0.9.jar;C:\Users\sivasubramaniamc\.m2\repository\com\github\fge\msg-simple\1.1\msg-simple-1.1.jar;C:\Users\sivasubramaniamc\.m2\repository\com\github\fge\btf\1.2\btf-1.2.jar;C:\Users\sivasubramaniamc\.m2\repository\com\github\fge\jackson-coreutils\1.8\jackson-coreutils-1.8.jar;C:\Users\sivasubramaniamc\.m2\repository\com\fasterxml\jackson\core\jackson-databind\2.2.3\jackson-databind-2.2.3.jar;C:\Users\sivasubramaniamc\.m2\repository\com\fasterxml\jackson\core\jackson-annotations\2.2.3\jackson-annotations-2.2.3.jar;C:\Users\sivasubramaniamc\.m2\repository\com\fasterxml\jackson\core\jackson-core\2.2.3\jackson-core-2.2.3.jar;C:\Users\sivasubramaniamc\.m2\repository\org\mozilla\rhino\1.7R4\rhino-1.7R4.jar;C:\Users\sivasubramaniamc\.m2\repository\javax\mail\mailapi\1.4.3\mailapi-1.4.3.jar;C:\Users\sivasubramaniamc\.m2\repository\javax\activation\activation\1.1\activation-1.1.jar;C:\Users\sivasubramaniamc\.m2\repository\net\sf\jopt-simple\jopt-simple\4.6\jopt-simple-4.6.jar;C:\Users\sivasubramaniamc\.m2\repository\io\rest-assured\xml-path\3.0.0\xml-path-3.0.0.jar;C:\Users\sivasubramaniamc\.m2\repository\org\testng\testng\6.11\testng-6.11.jar;C:\Users\sivasubramaniamc\.m2\repository\com\beust\jcommander\1.64\jcommander-1.64.jar;C:\Users\sivasubramaniamc\.m2\repository\org\yaml\snakeyaml\1.17\snakeyaml-1.17.jar;C:\Users\sivasubramaniamc\.m2\repository\org\seleniumhq\selenium\selenium-java\3.5.3\selenium-java-3.5.3.jar;C:\Users\sivasubramaniamc\.m2\repository\org\seleniumhq\selenium\selenium-api\3.5.3\selenium-api-3.5.3.jar;C:\Users\sivasubramaniamc\.m2\repository\org\seleniumhq\selenium\selenium-chrome-driver\3.5.3\selenium-chrome-driver-3.5.3.jar;C:\Users\sivasubramaniamc\.m2\repository\org\seleniumhq\selenium\selenium-edge-driver\3.5.3\selenium-edge-driver-3.5.3.jar;C:\Users\sivasubramaniamc\.m2\repository\org\seleniumhq\selenium\selenium-firefox-driver\3.5.3\selenium-firefox-driver-3.5.3.jar;C:\Users\sivasubramaniamc\.m2\repository\org\seleniumhq\selenium\selenium-ie-driver\3.5.3\selenium-ie-driver-3.5.3.jar;C:\Users\sivasubramaniamc\.m2\repository\org\seleniumhq\selenium\selenium-opera-driver\3.5.3\selenium-opera-driver-3.5.3.jar;C:\Users\sivasubramaniamc\.m2\repository\org\seleniumhq\selenium\selenium-remote-driver\3.5.3\selenium-remote-driver-3.5.3.jar;C:\Users\sivasubramaniamc\.m2\repository\org\seleniumhq\selenium\selenium-safari-driver\3.5.3\selenium-safari-driver-3.5.3.jar;C:\Users\sivasubramaniamc\.m2\repository\org\seleniumhq\selenium\selenium-support\3.5.3\selenium-support-3.5.3.jar;C:\Users\sivasubramaniamc\.m2\repository\cglib\cglib-nodep\3.2.4\cglib-nodep-3.2.4.jar;C:\Users\sivasubramaniamc\.m2\repository\org\apache\commons\commons-exec\1.3\commons-exec-1.3.jar;C:\Users\sivasubramaniamc\.m2\repository\commons-codec\commons-codec\1.10\commons-codec-1.10.jar;C:\Users\sivasubramaniamc\.m2\repository\commons-io\commons-io\2.5\commons-io-2.5.jar;C:\Users\sivasubramaniamc\.m2\repository\commons-logging\commons-logging\1.2\commons-logging-1.2.jar;C:\Users\sivasubramaniamc\.m2\repository\org\w3c\css\sac\1.3\sac-1.3.jar;C:\Users\sivasubramaniamc\.m2\repository\net\sourceforge\cssparser\cssparser\0.9.23\cssparser-0.9.23.jar;C:\Users\sivasubramaniamc\.m2\repository\com\google\code\gson\gson\2.8.0\gson-2.8.0.jar;C:\Users\sivasubramaniamc\.m2\repository\com\google\guava\guava\23.0\guava-23.0.jar;C:\Users\sivasubramaniamc\.m2\repository\com\google\errorprone\error_prone_annotations\2.0.18\error_prone_annotations-2.0.18.jar;C:\Users\sivasubramaniamc\.m2\repository\com\google\j2objc\j2objc-annotations\1.1\j2objc-annotations-1.1.jar;C:\Users\sivasubramaniamc\.m2\repository\org\codehaus\mojo\animal-sniffer-annotations\1.14\animal-sniffer-annotations-1.14.jar;C:\Users\sivasubramaniamc\.m2\repository\net\sourceforge\htmlunit\htmlunit\2.27\htmlunit-2.27.jar;C:\Users\sivasubramaniamc\.m2\repository\net\sourceforge\htmlunit\htmlunit-core-js\2.27\htmlunit-core-js-2.27.jar;C:\Users\sivasubramaniamc\.m2\repository\net\sourceforge\htmlunit\neko-htmlunit\2.27\neko-htmlunit-2.27.jar;C:\Users\sivasubramaniamc\.m2\repository\org\apache\httpcomponents\httpcore\4.4.6\httpcore-4.4.6.jar;C:\Users\sivasubramaniamc\.m2\repository\org\eclipse\jetty\jetty-client\9.4.5.v20170502\jetty-client-9.4.5.v20170502.jar;C:\Users\sivasubramaniamc\.m2\repository\org\eclipse\jetty\jetty-http\9.4.5.v20170502\jetty-http-9.4.5.v20170502.jar;C:\Users\sivasubramaniamc\.m2\repository\org\eclipse\jetty\jetty-io\9.4.5.v20170502\jetty-io-9.4.5.v20170502.jar;C:\Users\sivasubramaniamc\.m2\repository\org\eclipse\jetty\jetty-util\9.4.5.v20170502\jetty-util-9.4.5.v20170502.jar;C:\Users\sivasubramaniamc\.m2\repository\net\java\dev\jna\jna\4.1.0\jna-4.1.0.jar;C:\Users\sivasubramaniamc\.m2\repository\net\java\dev\jna\jna-platform\4.1.0\jna-platform-4.1.0.jar;C:\Users\sivasubramaniamc\.m2\repository\junit\junit\4.12\junit-4.12.jar;C:\Users\sivasubramaniamc\.m2\repository\com\codeborne\phantomjsdriver\1.4.0\phantomjsdriver-1.4.0.jar;C:\Users\sivasubramaniamc\.m2\repository\org\seleniumhq\selenium\htmlunit-driver\2.27\htmlunit-driver-2.27.jar;C:\Users\sivasubramaniamc\.m2\repository\javax\servlet\javax.servlet-api\3.1.0\javax.servlet-api-3.1.0.jar;C:\Users\sivasubramaniamc\.m2\repository\org\eclipse\jetty\websocket\websocket-api\9.4.5.v20170502\websocket-api-9.4.5.v20170502.jar;C:\Users\sivasubramaniamc\.m2\repository\org\eclipse\jetty\websocket\websocket-client\9.4.5.v20170502\websocket-client-9.4.5.v20170502.jar;C:\Users\sivasubramaniamc\.m2\repository\org\eclipse\jetty\websocket\websocket-common\9.4.5.v20170502\websocket-common-9.4.5.v20170502.jar;C:\Users\sivasubramaniamc\.m2\repository\xalan\serializer\2.7.2\serializer-2.7.2.jar;C:\Users\sivasubramaniamc\.m2\repository\xalan\xalan\2.7.2\xalan-2.7.2.jar;C:\Users\sivasubramaniamc\.m2\repository\xerces\xercesImpl\2.11.0\xercesImpl-2.11.0.jar;C:\Users\sivasubramaniamc\.m2\repository\xml-apis\xml-apis\1.4.01\xml-apis-1.4.01.jar;C:\Users\sivasubramaniamc\.m2\repository\com\relevantcodes\extentreports\2.41.2\extentreports-2.41.2.jar;C:\Users\sivasubramaniamc\.m2\repository\org\xerial\sqlite-jdbc\3.8.11.1\sqlite-jdbc-3.8.11.1.jar;C:\Users\sivasubramaniamc\.m2\repository\org\freemarker\freemarker\2.3.23\freemarker-2.3.23.jar;C:\Users\sivasubramaniamc\.m2\repository\org\mongodb\mongodb-driver\3.0.4\mongodb-driver-3.0.4.jar;C:\Users\sivasubramaniamc\.m2\repository\org\mongodb\bson\3.0.4\bson-3.0.4.jar;C:\Users\sivasubramaniamc\.m2\repository\org\mongodb\mongodb-driver-core\3.0.4\mongodb-driver-core-3.0.4.jar;C:\Users\sivasubramaniamc\.m2\repository\log4j\log4j\1.2.17\log4j-1.2.17.jar;C:\Users\sivasubramaniamc\.m2\repository\org\hamcrest\hamcrest-core\1.3\hamcrest-core-1.3.jar;C:\Users\sivasubramaniamc\.m2\repository\com\googlecode\json-simple\json-simple\1.1.1\json-simple-1.1.1.jar;C:\Users\sivasubramaniamc\.m2\repository\org\jsoup\jsoup\1.8.3\jsoup-1.8.3.jar;C:\Users\sivasubramaniamc\.m2\repository\org\apache\commons\commons-lang3\3.7\commons-lang3-3.7.jar;C:\Users\sivasubramaniamc\.m2\repository\org\apache\maven\surefire\surefire-testng-utils\2.21.0\surefire-testng-utils-2.21.0.jar;C:\Users\sivasubramaniamc\.m2\repository\org\apache\maven\surefire\surefire-grouper\2.21.0\surefire-grouper-2.21.0.jar;"/>
    <property name="sun.cpu.endian" value="little"/>
    <property name="user.home" value="C:\Users\sivasubramaniamc"/>
    <property name="user.language" value="en"/>
    <property name="java.specification.vendor" value="Oracle Corporation"/>
    <property name="java.home" value="C:\Program Files\Java\jdk1.8.0_131\jre"/>
    <property name="basedir" value="C:\Users\sivasubramaniamc\workspace\SfbayProject"/>
    <property name="file.separator" value="\"/>
    <property name="line.separator" value="&#10;"/>
    <property name="java.vm.specification.vendor" value="Oracle Corporation"/>
    <property name="java.specification.name" value="Java Platform API Specification"/>
    <property name="java.awt.graphicsenv" value="sun.awt.Win32GraphicsEnvironment"/>
    <property name="surefire.real.class.path" value="C:\Users\SIVASU~1\AppData\Local\Temp\surefire5641507973096376919\surefirebooter6088535203195355865.jar"/>
    <property name="sun.boot.class.path" value="C:\Program Files\Java\jdk1.8.0_131\jre\lib\resources.jar;C:\Program Files\Java\jdk1.8.0_131\jre\lib\rt.jar;C:\Program Files\Java\jdk1.8.0_131\jre\lib\sunrsasign.jar;C:\Program Files\Java\jdk1.8.0_131\jre\lib\jsse.jar;C:\Program Files\Java\jdk1.8.0_131\jre\lib\jce.jar;C:\Program Files\Java\jdk1.8.0_131\jre\lib\charsets.jar;C:\Program Files\Java\jdk1.8.0_131\jre\lib\jfr.jar;C:\Program Files\Java\jdk1.8.0_131\jre\classes"/>
    <property name="user.script" value=""/>
    <property name="sun.management.compiler" value="HotSpot 64-Bit Tiered Compilers"/>
    <property name="java.runtime.version" value="1.8.0_131-b11"/>
    <property name="user.name" value="sivasubramaniamc"/>
    <property name="path.separator" value=";"/>
    <property name="os.version" value="10.0"/>
    <property name="java.endorsed.dirs" value="C:\Program Files\Java\jdk1.8.0_131\jre\lib\endorsed"/>
    <property name="java.runtime.name" value="Java(TM) SE Runtime Environment"/>
    <property name="file.encoding" value="Cp1252"/>
    <property name="java.vm.name" value="Java HotSpot(TM) 64-Bit Server VM"/>
    <property name="localRepository" value="C:\Users\sivasubramaniamc\.m2\repository"/>
    <property name="java.vendor.url.bug" value="http://bugreport.sun.com/bugreport/"/>
    <property name="java.io.tmpdir" value="C:\Users\SIVASU~1\AppData\Local\Temp\"/>
    <property name="java.version" value="1.8.0_131"/>
    <property name="user.dir" value="C:\Users\sivasubramaniamc\workspace\SfbayProject"/>
    <property name="os.arch" value="amd64"/>
    <property name="java.vm.specification.name" value="Java Virtual Machine Specification"/>
    <property name="java.awt.printerjob" value="sun.awt.windows.WPrinterJob"/>
    <property name="sun.os.patch.level" value=""/>
    <property name="java.library.path" value="C:\Program Files\Java\jdk1.8.0_131\jre\bin;C:\WINDOWS\Sun\Java\bin;C:\WINDOWS\system32;C:\WINDOWS;C:\ProgramData\Oracle\Java\javapath;C:\Program Files (x86)\Intel\iCLS Client\;C:\Program Files\Intel\iCLS Client\;C:\WINDOWS\system32;C:\WINDOWS;C:\WINDOWS\System32\Wbem;C:\WINDOWS\System32\WindowsPowerShell\v1.0\;C:\Program Files (x86)\Intel\Intel(R) Management Engine Components\DAL;C:\Program Files\Intel\Intel(R) Management Engine Components\DAL;C:\Program Files (x86)\Intel\Intel(R) Management Engine Components\IPT;C:\Program Files\Intel\Intel(R) Management Engine Components\IPT;C:\Program Files (x86)\Microsoft SQL Server\Client SDK\ODBC\130\Tools\Binn\;C:\Program Files (x86)\Microsoft SQL Server\130\Tools\Binn\;C:\Program Files (x86)\Microsoft SQL Server\130\DTS\Binn\;C:\Program Files (x86)\Microsoft SQL Server\130\Tools\Binn\ManagementStudio\;C:\Program Files\Git\cmd;C:\Program Files\Java\jdk1.8.0_131\bin;C:\Apache\maven\bin;C:\Program Files\Intel\WiFi\bin\;C:\Program Files\Common Files\Intel\WirelessCommon\;C:\Program Files\dotnet\;C:\Program Files\Microsoft SQL Server\130\Tools\Binn\;C:\Program Files\MySQL\MySQL Utilities 1.6\;C:\Users\sivasubramaniamc\AppData\Local\Microsoft\WindowsApps;C:\Users\sivasubramaniamc\AppData\Local\Programs\Fiddler;."/>
    <property name="java.vm.info" value="mixed mode"/>
    <property name="java.vendor" value="Oracle Corporation"/>
    <property name="java.vm.version" value="25.131-b11"/>
    <property name="java.ext.dirs" value="C:\Program Files\Java\jdk1.8.0_131\jre\lib\ext;C:\WINDOWS\Sun\Java\lib\ext"/>
    <property name="sun.io.unicode.encoding" value="UnicodeLittle"/>
    <property name="java.class.version" value="52.0"/>
  </properties>
  <testcase name="loginTest" classname="com.sfbay.apitest.SearchSaveAPITest" time="4.359"/>
  <testcase name="searchTest" classname="com.sfbay.apitest.SearchSaveAPITest" time="2.086"/>
  <testcase name="searchFilterTest" classname="com.sfbay.apitest.SearchSaveAPITest" time="2.634"/>
  <testcase name="searchSaveTest" classname="com.sfbay.apitest.SearchSaveAPITest" time="5.863"/>
  <testcase name="loginPageDisplayTest" classname="com.sfbay.uitest.SearchResultTest" time="2.618"/>
  <testcase name="loginPageFunctionTest" classname="com.sfbay.uitest.SearchResultTest" time="2.663"/>
  <testcase name="searchResultTest" classname="com.sfbay.uitest.SearchResultTest" time="2.503"/>
  <testcase name="searchDeleteTest" classname="com.sfbay.uitest.SearchResultTest" time="0.923"/>
  <testcase name="logout" classname="com.sfbay.uitest.SearchResultTest" time="0.781"/>
  <testcase name="loginTestNegative" classname="com.sfbay.apitest.SearchSaveAPINegativeTest" time="1.705"/>
  <testcase name="searchTestNegative" classname="com.sfbay.apitest.SearchSaveAPINegativeTest" time="1.543"/>
  <testcase name="searchFilterTestNegative" classname="com.sfbay.apitest.SearchSaveAPINegativeTest" time="0"/>
  <testcase name="searchSaveTestNegative" classname="com.sfbay.apitest.SearchSaveAPINegativeTest" time="5.528"/>
  <testcase name="loginNegativeTest1" classname="com.sfbay.uitest.LoginNegativeTest" time="0.943"/>
  <testcase name="loginNegativeTest2" classname="com.sfbay.uitest.LoginNegativeTest" time="0.993"/>
  <testcase name="loginNegativeTest3" classname="com.sfbay.uitest.LoginNegativeTest" time="0.865"/>
</testsuite>