<?xml version="1.0" encoding="UTF-8"?>
<!-- Generated by org.testng.reporters.JUnitReportReporter -->
<testsuite skipped="0" hostname="L005517" name="com.sfbay.apitest.SearchSaveAPITest" tests="4" failures="0" timestamp="10 Apr 2018 17:26:09 GMT" time="16.101" errors="0">
  <testcase name="searchSaveTest" time="6.708" classname="com.sfbay.apitest.SearchSaveAPITest"/>
  <testcase name="loginTest" time="4.175" classname="com.sfbay.apitest.SearchSaveAPITest"/>
  <testcase name="searchTest" time="2.629" classname="com.sfbay.apitest.SearchSaveAPITest"/>
  <testcase name="searchFilterTest" time="2.589" classname="com.sfbay.apitest.SearchSaveAPITest"/>
</testsuite> <!-- com.sfbay.apitest.SearchSaveAPITest -->
