<?xml version="1.0" encoding="UTF-8"?>
<!-- Generated by org.testng.reporters.JUnitReportReporter -->
<testsuite skipped="0" hostname="L005517" name="com.sfbay.apitest.SearchSaveAPINegativeTest" tests="4" failures="0" timestamp="10 Apr 2018 17:26:09 GMT" time="11.289" errors="0">
  <testcase name="searchSaveTestNegative" time="6.289" classname="com.sfbay.apitest.SearchSaveAPINegativeTest"/>
  <testcase name="searchTestNegative" time="3.169" classname="com.sfbay.apitest.SearchSaveAPINegativeTest"/>
  <testcase name="loginTestNegative" time="1.828" classname="com.sfbay.apitest.SearchSaveAPINegativeTest"/>
  <testcase name="searchFilterTestNegative" time="0.003" classname="com.sfbay.apitest.SearchSaveAPINegativeTest"/>
</testsuite> <!-- com.sfbay.apitest.SearchSaveAPINegativeTest -->
