<?xml version="1.0" encoding="UTF-8"?>
<!-- Generated by org.testng.reporters.JUnitReportReporter -->
<testsuite skipped="0" hostname="L005517" name="com.sfbay.uitest.LoginTest" tests="2" failures="0" timestamp="23 Mar 2018 10:17:18 GMT" time="6.249" errors="0">
  <testcase name="loginPageDisplayTest" time="3.278" classname="com.sfbay.uitest.LoginTest"/>
  <testcase name="loginPageFunctionTest" time="2.971" classname="com.sfbay.uitest.LoginTest"/>
</testsuite> <!-- com.sfbay.uitest.LoginTest -->
