<?xml version="1.0" encoding="UTF-8"?>
<!-- Generated by org.testng.reporters.JUnitReportReporter -->
<testsuite skipped="0" hostname="L005517" name="com.sfbay.apitest.SearchTestAPI" tests="2" failures="0" timestamp="30 Mar 2018 12:25:36 GMT" time="10.886" errors="0">
  <testcase name="loginTest" time="4.907" classname="com.sfbay.apitest.SearchTestAPI"/>
  <testcase name="searchTest" time="5.979" classname="com.sfbay.apitest.SearchTestAPI"/>
</testsuite> <!-- com.sfbay.apitest.SearchTestAPI -->
