<?xml version="1.0" encoding="UTF-8"?>
<!-- Generated by org.testng.reporters.JUnitReportReporter -->
<testsuite skipped="0" hostname="L005517" name="com.sfbay.uitest.SearchResultTest" tests="5" failures="0" timestamp="10 Apr 2018 17:26:09 GMT" time="15.681" errors="0">
  <testcase name="searchResultTest" time="3.048" classname="com.sfbay.uitest.SearchResultTest"/>
  <testcase name="loginPageFunctionTest" time="4.685" classname="com.sfbay.uitest.SearchResultTest"/>
  <testcase name="loginPageDisplayTest" time="5.805" classname="com.sfbay.uitest.SearchResultTest"/>
  <testcase name="searchDeleteTest" time="1.234" classname="com.sfbay.uitest.SearchResultTest"/>
  <testcase name="logout" time="0.909" classname="com.sfbay.uitest.SearchResultTest"/>
</testsuite> <!-- com.sfbay.uitest.SearchResultTest -->
