<?xml version="1.0" encoding="UTF-8"?>
<!-- Generated by org.testng.reporters.JUnitReportReporter -->
<testsuite skipped="0" hostname="L005517" name="com.sfbay.apitest.login" tests="1" failures="0" timestamp="27 Mar 2018 14:03:06 GMT" time="5.315" errors="0">
  <testcase name="loginTest" time="5.315" classname="com.sfbay.apitest.login"/>
</testsuite> <!-- com.sfbay.apitest.login -->
