<?xml version="1.0" encoding="UTF-8"?>
<!-- Generated by org.testng.reporters.JUnitReportReporter -->
<testsuite skipped="0" hostname="L005517" name="com.sfbay.uitest.LoginNegativeTest" tests="3" failures="0" timestamp="10 Apr 2018 17:26:09 GMT" time="8.009" errors="0">
  <testcase name="loginNegativeTest2" time="4.718" classname="com.sfbay.uitest.LoginNegativeTest"/>
  <testcase name="loginNegativeTest1" time="1.775" classname="com.sfbay.uitest.LoginNegativeTest"/>
  <testcase name="loginNegativeTest3" time="1.516" classname="com.sfbay.uitest.LoginNegativeTest"/>
</testsuite> <!-- com.sfbay.uitest.LoginNegativeTest -->
