<?xml version="1.0" encoding="UTF-8"?>
<!-- Generated by org.testng.reporters.JUnitReportReporter -->
<testsuite skipped="0" hostname="L005517" name="com.sfbay.apitest.SearchSaveAPINegativeTest" tests="4" failures="0" timestamp="05 Jul 2018 12:54:04 GMT" time="8.776" errors="0">
  <testcase name="searchTestNegative" time="1.543" classname="com.sfbay.apitest.SearchSaveAPINegativeTest"/>
  <testcase name="searchSaveTestNegative" time="5.528" classname="com.sfbay.apitest.SearchSaveAPINegativeTest"/>
  <testcase name="searchFilterTestNegative" time="0.001" classname="com.sfbay.apitest.SearchSaveAPINegativeTest"/>
  <testcase name="loginTestNegative" time="1.704" classname="com.sfbay.apitest.SearchSaveAPINegativeTest"/>
</testsuite> <!-- com.sfbay.apitest.SearchSaveAPINegativeTest -->
