<?xml version="1.0" encoding="UTF-8"?>
<!-- Generated by org.testng.reporters.JUnitReportReporter -->
<testsuite skipped="0" hostname="L005517" name="com.sfbay.uitest.LoginNegativeTest" tests="3" failures="0" timestamp="05 Jul 2018 12:54:04 GMT" time="5.808" errors="0">
  <testcase name="loginNegativeTest2" time="3.232" classname="com.sfbay.uitest.LoginNegativeTest"/>
  <testcase name="loginNegativeTest3" time="1.246" classname="com.sfbay.uitest.LoginNegativeTest"/>
  <testcase name="loginNegativeTest1" time="1.330" classname="com.sfbay.uitest.LoginNegativeTest"/>
</testsuite> <!-- com.sfbay.uitest.LoginNegativeTest -->
