<?xml version="1.0" encoding="UTF-8"?>
<!-- Generated by org.testng.reporters.JUnitReportReporter -->
<testsuite skipped="0" hostname="L005517" name="com.sfbay.uitest.SearchResultTest" tests="5" failures="0" timestamp="05 Jul 2018 12:54:04 GMT" time="9.489" errors="0">
  <testcase name="logout" time="0.781" classname="com.sfbay.uitest.SearchResultTest"/>
  <testcase name="searchResultTest" time="2.504" classname="com.sfbay.uitest.SearchResultTest"/>
  <testcase name="searchDeleteTest" time="0.923" classname="com.sfbay.uitest.SearchResultTest"/>
  <testcase name="loginPageFunctionTest" time="2.665" classname="com.sfbay.uitest.SearchResultTest"/>
  <testcase name="loginPageDisplayTest" time="2.616" classname="com.sfbay.uitest.SearchResultTest"/>
</testsuite> <!-- com.sfbay.uitest.SearchResultTest -->
