<?xml version="1.0" encoding="UTF-8"?>
<!-- Generated by org.testng.reporters.JUnitReportReporter -->
<testsuite skipped="0" hostname="L005517" name="com.sfbay.apitest.SearchSaveAPITest" tests="4" failures="0" timestamp="05 Jul 2018 12:54:04 GMT" time="14.949" errors="0">
  <testcase name="searchFilterTest" time="2.486" classname="com.sfbay.apitest.SearchSaveAPITest"/>
  <testcase name="searchTest" time="2.088" classname="com.sfbay.apitest.SearchSaveAPITest"/>
  <testcase name="loginTest" time="4.359" classname="com.sfbay.apitest.SearchSaveAPITest"/>
  <testcase name="searchSaveTest" time="6.016" classname="com.sfbay.apitest.SearchSaveAPITest"/>
</testsuite> <!-- com.sfbay.apitest.SearchSaveAPITest -->
